pygame 2.0.0 (SDL 2.0.12, python 3.7.6)
Hello from the pygame community. https://www.pygame.org/contribute.html
self play started
Done for one game with 26 moves.Time Spent :93.51211810112.Rate: 3.5966199269661536
26
Done for one game with 15 moves.Time Spent :145.37805104255676.Rate: 3.5458061229891893
41
Done for one game with 22 moves.Time Spent :219.30542397499084.Rate: 3.4810384757935053
63
Saving file for 63 steps now. Time Spent :219.3055031299591. Rate: 3.481039732221573
Done for one game with 26 moves.Time Spent :302.73340106010437.Rate: 3.4014988883157793
89
Done for one game with 64 moves.Time Spent :453.6143159866333.Rate: 2.964799450893028
153
Saving file for 153 steps now. Time Spent :453.61454796791077. Rate: 2.964800967110528
Done for one game with 19 moves.Time Spent :515.1347470283508.Rate: 2.994969459467156
172
Done for one game with 29 moves.Time Spent :602.4453189373016.Rate: 2.997240392722894
201
Done for one game with 33 moves.Time Spent :698.5635359287262.Rate: 2.9853142561056676
234
Saving file for 234 steps now. Time Spent :698.5638999938965. Rate: 2.9853158119397287
Done for one game with 64 moves.Time Spent :849.1285979747772.Rate: 2.8494248254187156
298
Saving file for 298 steps now. Time Spent :849.1288819313049. Rate: 2.8494257782929697
Done for one game with 64 moves.Time Spent :997.0656251907349.Rate: 2.7543249314661185
362
Saving file for 362 steps now. Time Spent :997.0659639835358. Rate: 2.7543258673578337
Done for one game with 19 moves.Time Spent :1057.1519219875336.Rate: 2.774676960597201
381
Done for one game with 64 moves.Time Spent :1202.549597978592.Rate: 2.702358647142903
445
Saving file for 445 steps now. Time Spent :1202.5500118732452. Rate: 2.702359577243248
Done for one game with 64 moves.Time Spent :1352.9471199512482.Rate: 2.6580493515741614
509
Saving file for 509 steps now. Time Spent :1352.9475860595703. Rate: 2.658050267307604
Done for one game with 64 moves.Time Spent :1503.602287054062.Rate: 2.6240877610018534
573
Saving file for 573 steps now. Time Spent :1503.6030888557434. Rate: 2.6240891603067076
Done for one game with 11 moves.Time Spent :1538.3611121177673.Rate: 2.6341799865030264
584
Done for one game with 17 moves.Time Spent :1596.8241350650787.Rate: 2.656945316248051
601
Done for one game with 12 moves.Time Spent :1638.4732689857483.Rate: 2.672876458378056
613
Done for one game with 64 moves.Time Spent :1807.8570671081543.Rate: 2.670394486127259
677
Saving file for 677 steps now. Time Spent :1807.858137845993. Rate: 2.6703960677193397
Done for one game with 64 moves.Time Spent :1972.7944462299347.Rate: 2.6623406831713017
741
Saving file for 741 steps now. Time Spent :1972.795513868332. Rate: 2.6623421239788554
Done for one game with 64 moves.Time Spent :2133.828449010849.Rate: 2.6507185701998126
805
Saving file for 805 steps now. Time Spent :2133.8297028541565. Rate: 2.6507201277691386
Done for one game with 11 moves.Time Spent :2173.115910053253.Rate: 2.66313224271232
816
Done for one game with 14 moves.Time Spent :2224.166526079178.Rate: 2.6797187061194916
830
Done for one game with 64 moves.Time Spent :2394.2930681705475.Rate: 2.6781801657388673
894
Saving file for 894 steps now. Time Spent :2394.2943518161774. Rate: 2.678181601584091
Done for one game with 11 moves.Time Spent :2434.24232506752.Rate: 2.6897705249364865
905
Done for one game with 64 moves.Time Spent :2597.346225976944.Rate: 2.6804398616893126
969
Saving file for 969 steps now. Time Spent :2597.347615003586. Rate: 2.680441295153339
Done for one game with 15 moves.Time Spent :2651.2385070323944.Rate: 2.6943480762524334
984
Done for one game with 10 moves.Time Spent :2685.4705049991608.Rate: 2.7016805885303428
994
Done for one game with 18 moves.Time Spent :2745.5613141059875.Rate: 2.713005251092873
1012
Done for one game with 64 moves.Time Spent :2911.8763999938965.Rate: 2.706204832708082
1076
Saving file for 1076 steps now. Time Spent :2911.877977848053. Rate: 2.706206299115291
Done for one game with 11 moves.Time Spent :2950.0149278640747.Rate: 2.7139051774278515
1087
Done for one game with 16 moves.Time Spent :3005.5436391830444.Rate: 2.724880905877647
1103
Done for one game with 18 moves.Time Spent :3070.6387882232666.Rate: 2.739196064427535
1121
Done for one game with 23 moves.Time Spent :3162.576804161072.Rate: 2.7644902134275102
1144
Saving file for 1144 steps now. Time Spent :3162.5785269737244. Rate: 2.7644917193826264
Done for one game with 64 moves.Time Spent :3322.56365609169.Rate: 2.750466602724909
1208
Saving file for 1208 steps now. Time Spent :3322.5653660297394. Rate: 2.750468018236539
Done for one game with 21 moves.Time Spent :3391.2902479171753.Rate: 2.7593899494850898
1229
Done for one game with 17 moves.Time Spent :3452.003751039505.Rate: 2.7704685000317055
1246
Done for one game with 27 moves.Time Spent :3540.8053641319275.Rate: 2.78146532924739
1273
Saving file for 1273 steps now. Time Spent :3540.807063102722. Rate: 2.7814666638670245
Done for one game with 18 moves.Time Spent :3604.1116621494293.Rate: 2.7917208847013395
1291
Done for one game with 64 moves.Time Spent :3778.811516046524.Rate: 2.7887907867502024
1355
Saving file for 1355 steps now. Time Spent :3778.813481092453. Rate: 2.7887922369686
Done for one game with 64 moves.Time Spent :3937.031198978424.Rate: 2.7745110634097423
1419
Saving file for 1419 steps now. Time Spent :3937.033145904541. Rate: 2.7745124354506983
Done for one game with 23 moves.Time Spent :4015.3161990642548.Rate: 2.784546601292826
1442
Done for one game with 14 moves.Time Spent :4063.789302110672.Rate: 2.791064081119967
1456
Done for one game with 64 moves.Time Spent :4231.933781147003.Rate: 2.7841669612809232
1520
Saving file for 1520 steps now. Time Spent :4231.935865163803. Rate: 2.784168332344607
Done for one game with 35 moves.Time Spent :4348.472254037857.Rate: 2.796445179445567
1555
Done for one game with 64 moves.Time Spent :4518.8573961257935.Rate: 2.7911410723445296
1619
Saving file for 1619 steps now. Time Spent :4518.859708070755. Rate: 2.7911425003525356
Done for one game with 19 moves.Time Spent :4583.317509889603.Rate: 2.7981181379057403
1638
Done for one game with 28 moves.Time Spent :4687.123087882996.Rate: 2.813399212414763
1666
Done for one game with 64 moves.Time Spent :4861.1967170238495.Rate: 2.8099402988577165
1730
Saving file for 1730 steps now. Time Spent :4861.199140071869. Rate: 2.8099416994635082
Done for one game with 25 moves.Time Spent :4943.158149957657.Rate: 2.816614330460203
1755
Done for one game with 15 moves.Time Spent :5000.547066926956.Rate: 2.8251678344220092
1770
Done for one game with 27 moves.Time Spent :5084.142246007919.Rate: 2.8292388681179297
1797
Saving file for 1797 steps now. Time Spent :5084.144701004028. Rate: 2.8292402342815963
Done for one game with 16 moves.Time Spent :5136.873569011688.Rate: 2.833355526206116
1813
Done for one game with 64 moves.Time Spent :5294.613471984863.Rate: 2.8207850143765922
1877
Saving file for 1877 steps now. Time Spent :5294.615961074829. Rate: 2.8207863404767335
Done for one game with 64 moves.Time Spent :7231.895193099976.Rate: 3.725860480731569
1941
Saving file for 1941 steps now. Time Spent :7231.89777803421. Rate: 3.7258618124854253
Done for one game with 11 moves.Time Spent :7267.990962982178.Rate: 3.723356026117919
1952
Done for one game with 12 moves.Time Spent :7306.5864980220795.Rate: 3.7202578910499384
1964
Done for one game with 64 moves.Time Spent :7448.80818104744.Rate: 3.6729823377945956
2028
Saving file for 2028 steps now. Time Spent :7448.8109340667725. Rate: 3.6729836952991977
Done for one game with 64 moves.Time Spent :7599.735524177551.Rate: 3.6327607668152733
2092
Saving file for 2092 steps now. Time Spent :7599.738322973251. Rate: 3.6327621046717264
Done for one game with 64 moves.Time Spent :7751.247140169144.Rate: 3.595198116961569
2156
Saving file for 2156 steps now. Time Spent :7751.250020980835. Rate: 3.5951994531450997
Done for one game with 12 moves.Time Spent :7790.835887908936.Rate: 3.5935589888878856
2168
Done for one game with 64 moves.Time Spent :7943.746196985245.Rate: 3.5590260739181203
2232
Saving file for 2232 steps now. Time Spent :7943.749260187149. Rate: 3.5590274463204072